<?xml version="1.0" encoding="utf-8"?><testsuites name="pytest tests"><testsuite name="pytest" errors="0" failures="0" skipped="0" tests="26" time="5.819" timestamp="2026-04-01T11:04:58.426370+00:00" hostname="agent-env-dc796091-4742-417f-b368-461af0233495"><testcase classname="tests.test_manthan_api.TestHealthCheck" name="test_api_root" time="0.149" /><testcase classname="tests.test_manthan_api.TestAdminAuthentication" name="test_admin_programs_without_api_key" time="0.098" /><testcase classname="tests.test_manthan_api.TestAdminAuthentication" name="test_admin_programs_with_invalid_api_key" time="0.099" /><testcase classname="tests.test_manthan_api.TestAdminAuthentication" name="test_admin_programs_with_valid_api_key" time="0.103" /><testcase classname="tests.test_manthan_api.TestProgramsCRUD" name="test_create_program" time="0.130" /><testcase classname="tests.test_manthan_api.TestProgramsCRUD" name="test_get_all_programs_admin" time="0.095" /><testcase classname="tests.test_manthan_api.TestProgramsCRUD" name="test_create_and_verify_program_persistence" time="0.236" /><testcase classname="tests.test_manthan_api.TestProgramsCRUD" name="test_update_program" time="0.342" /><testcase classname="tests.test_manthan_api.TestProgramsCRUD" name="test_update_nonexistent_program" time="0.106" /><testcase classname="tests.test_manthan_api.TestProgramsCRUD" name="test_delete_program" time="0.324" /><testcase classname="tests.test_manthan_api.TestProgramsCRUD" name="test_delete_nonexistent_program" time="0.103" /><testcase classname="tests.test_manthan_api.TestTestimonialsCRUD" name="test_create_testimonial" time="0.117" /><testcase classname="tests.test_manthan_api.TestTestimonialsCRUD" name="test_get_all_testimonials_admin" time="0.108" /><testcase classname="tests.test_manthan_api.TestTestimonialsCRUD" name="test_create_and_verify_testimonial_persistence" time="0.203" /><testcase classname="tests.test_manthan_api.TestTestimonialsCRUD" name="test_update_testimonial" time="0.227" /><testcase classname="tests.test_manthan_api.TestTestimonialsCRUD" name="test_approve_testimonial" time="0.319" /><testcase classname="tests.test_manthan_api.TestTestimonialsCRUD" name="test_delete_testimonial" time="0.325" /><testcase classname="tests.test_manthan_api.TestContactFormsCRUD" name="test_submit_contact_form_public" time="0.099" /><testcase classname="tests.test_manthan_api.TestContactFormsCRUD" name="test_get_all_contacts_admin" time="0.098" /><testcase classname="tests.test_manthan_api.TestContactFormsCRUD" name="test_submit_and_verify_contact_persistence" time="0.217" /><testcase classname="tests.test_manthan_api.TestContactFormsCRUD" name="test_update_contact_status" time="0.315" /><testcase classname="tests.test_manthan_api.TestContactFormsCRUD" name="test_update_contact_invalid_status" time="0.219" /><testcase classname="tests.test_manthan_api.TestPublicRoutes" name="test_get_public_programs" time="0.096" /><testcase classname="tests.test_manthan_api.TestPublicRoutes" name="test_get_public_testimonials_only_approved" time="0.353" /><testcase classname="tests.test_manthan_api.TestCleanup" name="test_cleanup_test_programs" time="0.433" /><testcase classname="tests.test_manthan_api.TestCleanup" name="test_cleanup_test_testimonials" time="0.822" /></testsuite></testsuites>